# JRE version: Java(TM) SE Runtime Environment (8.0_111-b14) (build 1.8.0_111-b14)
# Java VM: Java HotSpot(TM) 64-Bit Server VM (25.111-b14 mixed mode windows-amd64 compressed oops)
Heap:
 PSYoungGen      total 174080K, used 164341K [0x0000000780100000, 0x000000078bc00000, 0x00000007c0000000)
  eden space 162304K, 94% used [0x0000000780100000,0x0000000789601b60,0x0000000789f80000)
  from space 11776K, 99% used [0x000000078ac00000,0x000000078b77baf0,0x000000078b780000)
  to   space 12800K, 0% used [0x0000000789f80000,0x0000000789f80000,0x000000078ac00000)
 ParOldGen       total 71168K, used 47674K [0x0000000700200000, 0x0000000704780000, 0x0000000780100000)
  object space 71168K, 66% used [0x0000000700200000,0x000000070308eaa8,0x0000000704780000)
 Metaspace       used 49917K, capacity 50452K, committed 50816K, reserved 1093632K
  class space    used 6322K, capacity 6448K, committed 6528K, reserved 1048576K
GC Heap History (10 events):
Event: 8.722 GC heap before
{Heap before GC invocations=10 (full 1):
 PSYoungGen      total 174080K, used 173216K [0x0000000780100000, 0x000000078bc00000, 0x00000007c0000000)
  eden space 162304K, 100% used [0x0000000780100000,0x0000000789f80000,0x0000000789f80000)
  from space 11776K, 92% used [0x000000078ac00000,0x000000078b6a83f8,0x000000078b780000)
  to   space 12800K, 0% used [0x0000000789f80000,0x0000000789f80000,0x000000078ac00000)
 ParOldGen       total 71168K, used 13223K [0x0000000700200000, 0x0000000704780000, 0x0000000780100000)
  object space 71168K, 18% used [0x0000000700200000,0x0000000700ee9cb0,0x0000000704780000)
 Metaspace       used 33360K, capacity 33808K, committed 34048K, reserved 1079296K
  class space    used 4136K, capacity 4251K, committed 4352K, reserved 1048576K
Event: 8.766 GC heap after
Heap after GC invocations=10 (full 1):
 PSYoungGen      total 175104K, used 12797K [0x0000000780100000, 0x000000078bc00000, 0x00000007c0000000)
  eden space 162304K, 0% used [0x0000000780100000,0x0000000780100000,0x0000000789f80000)
  from space 12800K, 99% used [0x0000000789f80000,0x000000078abff640,0x000000078ac00000)
  to   space 11776K, 0% used [0x000000078ac00000,0x000000078ac00000,0x000000078b780000)
 ParOldGen       total 71168K, used 20937K [0x0000000700200000, 0x0000000704780000, 0x0000000780100000)
  object space 71168K, 29% used [0x0000000700200000,0x0000000701672710,0x0000000704780000)
 Metaspace       used 33360K, capacity 33808K, committed 34048K, reserved 1079296K
  class space    used 4136K, capacity 4251K, committed 4352K, reserved 1048576K
}
Event: 9.697 GC heap before
{Heap before GC invocations=11 (full 1):
 PSYoungGen      total 175104K, used 175101K [0x0000000780100000, 0x000000078bc00000, 0x00000007c0000000)
  eden space 162304K, 100% used [0x0000000780100000,0x0000000789f80000,0x0000000789f80000)
  from space 12800K, 99% used [0x0000000789f80000,0x000000078abff640,0x000000078ac00000)
  to   space 11776K, 0% used [0x000000078ac00000,0x000000078ac00000,0x000000078b780000)
 ParOldGen       total 71168K, used 20937K [0x0000000700200000, 0x0000000704780000, 0x0000000780100000)
  object space 71168K, 29% used [0x0000000700200000,0x0000000701672710,0x0000000704780000)
 Metaspace       used 34743K, capacity 35144K, committed 35456K, reserved 1081344K
  class space    used 4310K, capacity 4415K, committed 4480K, reserved 1048576K
Event: 9.727 GC heap after
Heap after GC invocations=11 (full 1):
 PSYoungGen      total 174080K, used 11753K [0x0000000780100000, 0x000000078bc00000, 0x00000007c0000000)
  eden space 162304K, 0% used [0x0000000780100000,0x0000000780100000,0x0000000789f80000)
  from space 11776K, 99% used [0x000000078ac00000,0x000000078b77a408,0x000000078b780000)
  to   space 12800K, 0% used [0x0000000789f80000,0x0000000789f80000,0x000000078ac00000)
 ParOldGen       total 71168K, used 34421K [0x0000000700200000, 0x0000000704780000, 0x0000000780100000)
  object space 71168K, 48% used [0x0000000700200000,0x000000070239d768,0x0000000704780000)
 Metaspace       used 34743K, capacity 35144K, committed 35456K, reserved 1081344K
  class space    used 4310K, capacity 4415K, committed 4480K, reserved 1048576K
}
Event: 10.310 GC heap before
{Heap before GC invocations=12 (full 1):
 PSYoungGen      total 174080K, used 125335K [0x0000000780100000, 0x000000078bc00000, 0x00000007c0000000)
  eden space 162304K, 69% used [0x0000000780100000,0x0000000786feb830,0x0000000789f80000)
  from space 11776K, 99% used [0x000000078ac00000,0x000000078b77a408,0x000000078b780000)
  to   space 12800K, 0% used [0x0000000789f80000,0x0000000789f80000,0x000000078ac00000)
 ParOldGen       total 71168K, used 34421K [0x0000000700200000, 0x0000000704780000, 0x0000000780100000)
  object space 71168K, 48% used [0x0000000700200000,0x000000070239d768,0x0000000704780000)
 Metaspace       used 34921K, capacity 35304K, committed 35456K, reserved 1081344K
  class space    used 4328K, capacity 4447K, committed 4480K, reserved 1048576K
Event: 10.347 GC heap after
Heap after GC invocations=12 (full 1):
 PSYoungGen      total 175104K, used 12787K [0x0000000780100000, 0x000000078bc00000, 0x00000007c0000000)
  eden space 162304K, 0% used [0x0000000780100000,0x0000000780100000,0x0000000789f80000)
  from space 12800K, 99% used [0x0000000789f80000,0x000000078abfcc88,0x000000078ac00000)
  to   space 11776K, 0% used [0x000000078ac00000,0x000000078ac00000,0x000000078b780000)
 ParOldGen       total 71168K, used 48473K [0x0000000700200000, 0x0000000704780000, 0x0000000780100000)
  object space 71168K, 68% used [0x0000000700200000,0x00000007031565c8,0x0000000704780000)
 Metaspace       used 34921K, capacity 35304K, committed 35456K, reserved 1081344K
  class space    used 4328K, capacity 4447K, committed 4480K, reserved 1048576K
}
Event: 10.347 GC heap before
{Heap before GC invocations=13 (full 2):
 PSYoungGen      total 175104K, used 12787K [0x0000000780100000, 0x000000078bc00000, 0x00000007c0000000)
  eden space 162304K, 0% used [0x0000000780100000,0x0000000780100000,0x0000000789f80000)
  from space 12800K, 99% used [0x0000000789f80000,0x000000078abfcc88,0x000000078ac00000)
  to   space 11776K, 0% used [0x000000078ac00000,0x000000078ac00000,0x000000078b780000)
 ParOldGen       total 71168K, used 48473K [0x0000000700200000, 0x0000000704780000, 0x0000000780100000)
  object space 71168K, 68% used [0x0000000700200000,0x00000007031565c8,0x0000000704780000)
 Metaspace       used 34921K, capacity 35304K, committed 35456K, reserved 1081344K
  class space    used 4328K, capacity 4447K, committed 4480K, reserved 1048576K
Event: 10.460 GC heap after
Heap after GC invocations=13 (full 2):
 PSYoungGen      total 175104K, used 0K [0x0000000780100000, 0x000000078bc00000, 0x00000007c0000000)
  eden space 162304K, 0% used [0x0000000780100000,0x0000000780100000,0x0000000789f80000)
  from space 12800K, 0% used [0x0000000789f80000,0x0000000789f80000,0x000000078ac00000)
  to   space 11776K, 0% used [0x000000078ac00000,0x000000078ac00000,0x000000078b780000)
 ParOldGen       total 71168K, used 41253K [0x0000000700200000, 0x0000000704780000, 0x0000000780100000)
  object space 71168K, 57% used [0x0000000700200000,0x0000000702a496a8,0x0000000704780000)
 Metaspace       used 34921K, capacity 35304K, committed 35456K, reserved 1081344K
  class space    used 4328K, capacity 4447K, committed 4480K, reserved 1048576K
}
Event: 12.366 GC heap before
{Heap before GC invocations=14 (full 2):
 PSYoungGen      total 175104K, used 162304K [0x0000000780100000, 0x000000078bc00000, 0x00000007c0000000)
  eden space 162304K, 100% used [0x0000000780100000,0x0000000789f80000,0x0000000789f80000)
  from space 12800K, 0% used [0x0000000789f80000,0x0000000789f80000,0x000000078ac00000)
  to   space 11776K, 0% used [0x000000078ac00000,0x000000078ac00000,0x000000078b780000)
 ParOldGen       total 71168K, used 41253K [0x0000000700200000, 0x0000000704780000, 0x0000000780100000)
  object space 71168K, 57% used [0x0000000700200000,0x0000000702a496a8,0x0000000704780000)
 Metaspace       used 43211K, capacity 43610K, committed 43904K, reserved 1087488K
  class space    used 5571K, capacity 5698K, committed 5760K, reserved 1048576K
Event: 12.383 GC heap after
Heap after GC invocations=14 (full 2):
 PSYoungGen      total 174080K, used 11758K [0x0000000780100000, 0x000000078bc00000, 0x00000007c0000000)
  eden space 162304K, 0% used [0x0000000780100000,0x0000000780100000,0x0000000789f80000)
  from space 11776K, 99% used [0x000000078ac00000,0x000000078b77baf0,0x000000078b780000)
  to   space 12800K, 0% used [0x0000000789f80000,0x0000000789f80000,0x000000078ac00000)
 ParOldGen       total 71168K, used 47674K [0x0000000700200000, 0x0000000704780000, 0x0000000780100000)
  object space 71168K, 66% used [0x0000000700200000,0x000000070308eaa8,0x0000000704780000)
 Metaspace       used 43211K, capacity 43610K, committed 43904K, reserved 1087488K
  class space    used 5571K, capacity 5698K, committed 5760K, reserved 1048576K
}

